********************************************************************************
DUPLICATOR-LITE PACKAGE-LOG: November 7, 2021 12:27 pm
NOTICE: Do NOT post to public sites or forums 
********************************************************************************
VERSION:	1.4.3
WORDPRESS:	5.8.1
PHP INFO:	7.1.33 | SAPI: apache2handler
SERVER:		Apache 
PHP TIME LIMIT: (0) no time limit imposed 
PHP MAX MEMORY: 4294967296 (1536M default) 
MEMORY STACK: 4MB

********************************************************************************
DATABASE:
********************************************************************************
BUILD MODE:   MYSQLDUMP
MYSQLTIMEOUT: 5000
MYSQLDUMP:    Is Supported
SQL CREATED: 20211107_tahiti_8c850a5993f823749987_20211107122744_database.sql
SQL FILE SIZE: 1.25MB (1308109)
SQL FILE TIME: 2021-11-07 12:27:56
SQL RUNTIME: 3.16 sec.

********************************************************************************
ARCHIVE (ZIP):
********************************************************************************
ARCHIVE DIR:  C:/OpenServer/domains/tahiti
ARCHIVE FILE: 20211107_tahiti_8c850a5993f823749987_20211107122744_archive.zip
FILTERS: *OFF*
DIRS:
	not set
FILES:
	not set
EXTS:  not set
----------------------------------------
COMPRESSING
SIZE:	72.97MB
STATS:	Dirs 423 | Files 3,504
SQL ADDED: 20211107_tahiti_8c850a5993f823749987_20211107122744_database.sql
ZipArchive Object
(
    [status] => 0
    [statusSys] => 0
    [numFiles] => 3927
    [filename] => C:\OpenServer\domains\tahiti\wp-content\backups-dup-lite\tmp\20211107_tahiti_8c850a5993f823749987_20211107122744_archive.zip
    [comment] => 
)

FILE ADDED TO ZIP: 3926
COMPRESSION RESULT: '1'
COMPRESSED SIZE: 29.01MB
ARCHIVE RUNTIME: 34.02 sec.
MEMORY STACK: 4MB
building installer
add_extra_files1
add_extra_files2
add_extra_files3
add_extra_files4
Doing archive file check
add_extra_files5
add_extra_files6
add_extra_files8
Successfully opened zip C:/OpenServer/domains/tahiti/wp-content/backups-dup-lite/tmp/20211107_tahiti_8c850a5993f823749987_20211107122744_archive.zip
Adding enhanced installer files to archive using ZipArchive
Installer files added to archive
Added to archive
After ziparchive close when adding installer

********************************************************************************
INTEGRITY CHECKS:
********************************************************************************
SQL FILE: 1.25MB
INSTALLER FILE: 64.25KB
ARCHIVE FILE: 29.99MB 
EXPECTED FILE/DIRECTORY COUNT: 3,927
ACTUAL FILE/DIRECTORY COUNT: 3,926
ARCHIVE CONSISTENCY TEST: Pass

********************************************************************************
RECORD ID:[1]
TOTAL PROCESS RUNTIME: 37.81 sec.
PEAK PHP MEMORY USED: 6MB
DONE PROCESSING => 20211107_tahiti November 7, 2021 12:28 pm

